<?xml version="1.0" encoding="UTF-8"?>
<coverage generated="1776551338226" clover="3.2.0">
  <project timestamp="1776551338226" name="All files">
    <metrics statements="20" coveredstatements="20" conditionals="20" coveredconditionals="20" methods="4" coveredmethods="4" elements="44" coveredelements="44" complexity="0" loc="20" ncloc="20" packages="1" files="1" classes="1"/>
    <file name="gesture-logic.js" path="/home/runner/work/bmi-calculator/bmi-calculator/gesture-logic.js">
      <metrics statements="20" coveredstatements="20" conditionals="20" coveredconditionals="20" methods="4" coveredmethods="4"/>
      <line num="12" count="1" type="stmt"/>
      <line num="13" count="1" type="stmt"/>
      <line num="14" count="1" type="stmt"/>
      <line num="15" count="1" type="stmt"/>
      <line num="18" count="1" type="stmt"/>
      <line num="19" count="1" type="stmt"/>
      <line num="25" count="6" type="stmt"/>
      <line num="30" count="22" type="stmt"/>
      <line num="38" count="66" type="stmt"/>
      <line num="46" count="15" type="stmt"/>
      <line num="47" count="15" type="stmt"/>
      <line num="48" count="15" type="stmt"/>
      <line num="49" count="15" type="stmt"/>
      <line num="51" count="15" type="stmt"/>
      <line num="53" count="15" type="cond" truecount="2" falsecount="0"/>
      <line num="54" count="12" type="cond" truecount="6" falsecount="0"/>
      <line num="55" count="11" type="cond" truecount="6" falsecount="0"/>
      <line num="56" count="9" type="cond" truecount="6" falsecount="0"/>
      <line num="57" count="7" type="stmt"/>
      <line num="62" count="1" type="stmt"/>
    </file>
  </project>
</coverage>
