{"/home/runner/work/bmi-calculator/bmi-calculator/gesture-logic.js": {"path":"/home/runner/work/bmi-calculator/bmi-calculator/gesture-logic.js","statementMap":{"0":{"start":{"line":12,"column":26},"end":{"line":12,"column":30}},"1":{"start":{"line":13,"column":26},"end":{"line":13,"column":31}},"2":{"start":{"line":14,"column":26},"end":{"line":14,"column":27}},"3":{"start":{"line":15,"column":26},"end":{"line":15,"column":29}},"4":{"start":{"line":18,"column":12},"end":{"line":18,"column":67}},"5":{"start":{"line":19,"column":12},"end":{"line":19,"column":57}},"6":{"start":{"line":25,"column":4},"end":{"line":25,"column":27}},"7":{"start":{"line":30,"column":4},"end":{"line":30,"column":63}},"8":{"start":{"line":38,"column":4},"end":{"line":38,"column":53}},"9":{"start":{"line":46,"column":21},"end":{"line":46,"column":65}},"10":{"start":{"line":47,"column":21},"end":{"line":47,"column":66}},"11":{"start":{"line":48,"column":21},"end":{"line":48,"column":64}},"12":{"start":{"line":49,"column":21},"end":{"line":49,"column":65}},"13":{"start":{"line":51,"column":22},"end":{"line":51,"column":70}},"14":{"start":{"line":53,"column":4},"end":{"line":53,"column":78}},"15":{"start":{"line":53,"column":63},"end":{"line":53,"column":78}},"16":{"start":{"line":54,"column":4},"end":{"line":54,"column":78}},"17":{"start":{"line":54,"column":63},"end":{"line":54,"column":78}},"18":{"start":{"line":55,"column":4},"end":{"line":55,"column":79}},"19":{"start":{"line":55,"column":63},"end":{"line":55,"column":79}},"20":{"start":{"line":56,"column":4},"end":{"line":56,"column":77}},"21":{"start":{"line":56,"column":63},"end":{"line":56,"column":77}},"22":{"start":{"line":57,"column":4},"end":{"line":57,"column":18}},"23":{"start":{"line":62,"column":0},"end":{"line":73,"column":2}}},"fnMap":{"0":{"name":"lerp","decl":{"start":{"line":24,"column":9},"end":{"line":24,"column":13}},"loc":{"start":{"line":24,"column":23},"end":{"line":26,"column":1}},"line":24},"1":{"name":"dist","decl":{"start":{"line":29,"column":9},"end":{"line":29,"column":13}},"loc":{"start":{"line":29,"column":20},"end":{"line":31,"column":1}},"line":29},"2":{"name":"isFingerUp","decl":{"start":{"line":37,"column":9},"end":{"line":37,"column":19}},"loc":{"start":{"line":37,"column":47},"end":{"line":39,"column":1}},"line":37},"3":{"name":"classifyGesture","decl":{"start":{"line":45,"column":9},"end":{"line":45,"column":24}},"loc":{"start":{"line":45,"column":36},"end":{"line":58,"column":1}},"line":45}},"branchMap":{"0":{"loc":{"start":{"line":53,"column":4},"end":{"line":53,"column":78}},"type":"if","locations":[{"start":{"line":53,"column":4},"end":{"line":53,"column":78}},{"start":{},"end":{}}],"line":53},"1":{"loc":{"start":{"line":54,"column":4},"end":{"line":54,"column":78}},"type":"if","locations":[{"start":{"line":54,"column":4},"end":{"line":54,"column":78}},{"start":{},"end":{}}],"line":54},"2":{"loc":{"start":{"line":54,"column":8},"end":{"line":54,"column":49}},"type":"binary-expr","locations":[{"start":{"line":54,"column":8},"end":{"line":54,"column":15}},{"start":{"line":54,"column":19},"end":{"line":54,"column":27}},{"start":{"line":54,"column":31},"end":{"line":54,"column":37}},{"start":{"line":54,"column":42},"end":{"line":54,"column":49}}],"line":54},"3":{"loc":{"start":{"line":55,"column":4},"end":{"line":55,"column":79}},"type":"if","locations":[{"start":{"line":55,"column":4},"end":{"line":55,"column":79}},{"start":{},"end":{}}],"line":55},"4":{"loc":{"start":{"line":55,"column":8},"end":{"line":55,"column":50}},"type":"binary-expr","locations":[{"start":{"line":55,"column":8},"end":{"line":55,"column":15}},{"start":{"line":55,"column":19},"end":{"line":55,"column":27}},{"start":{"line":55,"column":31},"end":{"line":55,"column":38}},{"start":{"line":55,"column":42},"end":{"line":55,"column":50}}],"line":55},"5":{"loc":{"start":{"line":56,"column":4},"end":{"line":56,"column":77}},"type":"if","locations":[{"start":{"line":56,"column":4},"end":{"line":56,"column":77}},{"start":{},"end":{}}],"line":56},"6":{"loc":{"start":{"line":56,"column":8},"end":{"line":56,"column":51}},"type":"binary-expr","locations":[{"start":{"line":56,"column":8},"end":{"line":56,"column":15}},{"start":{"line":56,"column":19},"end":{"line":56,"column":28}},{"start":{"line":56,"column":32},"end":{"line":56,"column":39}},{"start":{"line":56,"column":43},"end":{"line":56,"column":51}}],"line":56}},"s":{"0":1,"1":1,"2":1,"3":1,"4":1,"5":1,"6":6,"7":22,"8":66,"9":15,"10":15,"11":15,"12":15,"13":15,"14":15,"15":3,"16":12,"17":1,"18":11,"19":2,"20":9,"21":2,"22":7,"23":1},"f":{"0":6,"1":22,"2":66,"3":15},"b":{"0":[3,12],"1":[1,11],"2":[12,9,6,2],"3":[2,9],"4":[11,8,5,4],"5":[2,7],"6":[9,6,3,2]},"_coverageSchema":"1a1c01bbd47fc00a2c39e90264f33305004495a9","hash":"ac3f91ce655153043a16f01a8b4c491b3ee45183"}
}
