TN:
SF:gesture-logic.js
FN:24,lerp
FN:29,dist
FN:37,isFingerUp
FN:45,classifyGesture
FNF:4
FNH:4
FNDA:6,lerp
FNDA:22,dist
FNDA:66,isFingerUp
FNDA:15,classifyGesture
DA:12,1
DA:13,1
DA:14,1
DA:15,1
DA:18,1
DA:19,1
DA:25,6
DA:30,22
DA:38,66
DA:46,15
DA:47,15
DA:48,15
DA:49,15
DA:51,15
DA:53,15
DA:54,12
DA:55,11
DA:56,9
DA:57,7
DA:62,1
LF:20
LH:20
BRDA:53,0,0,3
BRDA:53,0,1,12
BRDA:54,1,0,1
BRDA:54,1,1,11
BRDA:54,2,0,12
BRDA:54,2,1,9
BRDA:54,2,2,6
BRDA:54,2,3,2
BRDA:55,3,0,2
BRDA:55,3,1,9
BRDA:55,4,0,11
BRDA:55,4,1,8
BRDA:55,4,2,5
BRDA:55,4,3,4
BRDA:56,5,0,2
BRDA:56,5,1,7
BRDA:56,6,0,9
BRDA:56,6,1,6
BRDA:56,6,2,3
BRDA:56,6,3,2
BRF:20
BRH:20
end_of_record
